<?xml version="1.0" encoding="UTF-8"?>
<!-- Generated by org.testng.reporters.JUnitReportReporter -->
<testsuite hostname="cache-server" failures="0" tests="1" name="com.tempVar.GeoHelp.TempVarServerApplicationTests" time="0.004" errors="0" timestamp="2021-08-07T18:39:28 CST" skipped="0">
  <testcase classname="com.tempVar.GeoHelp.TempVarServerApplicationTests" name="contextLoads" time="0.004"/>
  <system-out/>
</testsuite> <!-- com.tempVar.GeoHelp.TempVarServerApplicationTests -->
